DEBUG:root:https://api.openweathermap.org/data/2.5/weather?q=nizamabad&appid=666755a8aaa3e4dae9ea2619c1da4b57
DEBUG:urllib3.connectionpool:Starting new HTTPS connection (1): api.openweathermap.org:443
DEBUG:urllib3.connectionpool:https://api.openweathermap.org:443 "GET /data/2.5/weather?q=nizamabad&appid=666755a8aaa3e4dae9ea2619c1da4b57 HTTP/1.1" 200 502
DEBUG:root:---------------------------------------------------------
DEBUG:root:Weather Stats for - NIZAMABAD   ||   27 Mar 2022 | 10:40:36 AM 
DEBUG:root:----------------------------------------------------------------
DEBUG:root:Current temperature is: 37.22 deg C
DEBUG:root:Current weather desc: few clouds 
DEBUG:root:Current Humidity : 18%
DEBUG:root:Current windspeed : 4.12kmph
DEBUG:root:https://api.openweathermap.org/data/2.5/weather?q=nizmabad&appid=666755a8aaa3e4dae9ea2619c1da4b57
DEBUG:urllib3.connectionpool:Starting new HTTPS connection (1): api.openweathermap.org:443
DEBUG:urllib3.connectionpool:https://api.openweathermap.org:443 "GET /data/2.5/weather?q=nizmabad&appid=666755a8aaa3e4dae9ea2619c1da4b57 HTTP/1.1" 404 40
DEBUG:root:Invalid City: nizmabad, Please check you City name
DEBUG:root:https://api.openweathermap.org/data/2.5/weather?q=nizmabad&appid=666755a8aaa3e4dae9ea2619c1da4b57
DEBUG:urllib3.connectionpool:Starting new HTTPS connection (1): api.openweathermap.org:443
DEBUG:urllib3.connectionpool:https://api.openweathermap.org:443 "GET /data/2.5/weather?q=nizmabad&appid=666755a8aaa3e4dae9ea2619c1da4b57 HTTP/1.1" 404 40
DEBUG:root:Invalid City: nizmabad, Please check you City name
DEBUG:root:https://api.openweathermap.org/data/2.5/weather?q=nizamabad&appid=666755a8aaa3e4dae9ea2619c1da4b57
DEBUG:urllib3.connectionpool:Starting new HTTPS connection (1): api.openweathermap.org:443
DEBUG:urllib3.connectionpool:https://api.openweathermap.org:443 "GET /data/2.5/weather?q=nizamabad&appid=666755a8aaa3e4dae9ea2619c1da4b57 HTTP/1.1" 200 502
DEBUG:root:---------------------------------------------------------
DEBUG:root:Weather Stats for - NIZAMABAD   ||   27 Mar 2022 | 10:41:35 AM 
DEBUG:root:----------------------------------------------------------------
DEBUG:root:Current temperature is: 37.22 deg C
DEBUG:root:Current weather desc: few clouds 
DEBUG:root:Current Humidity : 18%
DEBUG:root:Current windspeed : 4.12kmph
DEBUG:root:https://api.openweathermap.org/data/2.5/weather?q=nizamabad&appid=666755a8aaa3e4dae9ea2619c1da4b57
DEBUG:urllib3.connectionpool:Starting new HTTPS connection (1): api.openweathermap.org:443
DEBUG:urllib3.connectionpool:https://api.openweathermap.org:443 "GET /data/2.5/weather?q=nizamabad&appid=666755a8aaa3e4dae9ea2619c1da4b57 HTTP/1.1" 200 502
DEBUG:root:---------------------------------------------------------
DEBUG:root:Weather Stats for - NIZAMABAD   ||   27 Mar 2022 | 10:43:01 AM 
DEBUG:root:----------------------------------------------------------------
DEBUG:root:Current temperature is: 37.22 deg C
DEBUG:root:Current weather desc: few clouds 
DEBUG:root:Current Humidity : 18%
DEBUG:root:Current windspeed : 4.12kmph
DEBUG:root:https://api.openweathermap.org/data/2.5/weather?q=khazipet&appid=666755a8aaa3e4dae9ea2619c1da4b57
DEBUG:urllib3.connectionpool:Starting new HTTPS connection (1): api.openweathermap.org:443
DEBUG:urllib3.connectionpool:https://api.openweathermap.org:443 "GET /data/2.5/weather?q=khazipet&appid=666755a8aaa3e4dae9ea2619c1da4b57 HTTP/1.1" 404 40
DEBUG:root:Invalid City: khazipet, Please check you City name
DEBUG:root:https://api.openweathermap.org/data/2.5/weather?q=Hyderabad&appid=666755a8aaa3e4dae9ea2619c1da4b57
DEBUG:urllib3.connectionpool:Starting new HTTPS connection (1): api.openweathermap.org:443
DEBUG:urllib3.connectionpool:https://api.openweathermap.org:443 "GET /data/2.5/weather?q=Hyderabad&appid=666755a8aaa3e4dae9ea2619c1da4b57 HTTP/1.1" 200 465
DEBUG:root:---------------------------------------------------------
DEBUG:root:Weather Stats for - HYDERABAD   ||   01 Apr 2022 | 11:58:35 AM 
DEBUG:root:----------------------------------------------------------------
DEBUG:root:Current temperature is: 33.23 deg C
DEBUG:root:Current weather desc: haze 
DEBUG:root:Current Humidity : 58%
DEBUG:root:Current windspeed : 2.06kmph
